<?xml version="1.0" encoding="UTF-8"?>
<testsuite name="com.fullsail.android.unittestingdemo.StringsUtilTests" tests="1" skipped="0" failures="0" errors="0" timestamp="2022-01-23T16:46:36" hostname="HaodeMacBook-Pro.local" time="0.001">
  <properties/>
  <testcase name="testEmailValidity" classname="com.fullsail.android.unittestingdemo.StringsUtilTests" time="0.001"/>
  <system-out><![CDATA[]]></system-out>
  <system-err><![CDATA[]]></system-err>
</testsuite>
